C51 COMPILER V9.59.0.0   MAIN                                                              12/27/2018 16:11:09 PAGE 1   


C51 COMPILER V9.59.0.0, COMPILATION OF MODULE MAIN
OBJECT MODULE PLACED IN .\Objects\main.obj
COMPILER INVOKED BY: C:\Keil_v5\C51\BIN\C51.EXE main.c OPTIMIZE(8,SPEED) BROWSE DEBUG OBJECTEXTEND PRINT(.\Listings\main
                    -.lst) TABS(2) OBJECT(.\Objects\main.obj)

line level    source

   1          /***************************************************************************************************
   2                                                        ExploreEmbedded Copyright Notice 
   3          ****************************************************************************************************
   4           * File:   main.c
   5           * Version: 16.0
   6           * Author: ExploreEmbedded
   7           * Website: http://www.exploreembedded.com/wiki
   8           * Description: This file contains the program to read the switch status and display on the Leds. 
   9          
  10          This code has been developed and tested on ExploreEmbedded boards.  
  11          We strongly believe that the library works on any of development boards for respective controllers. 
  12          Check this link http://www.exploreembedded.com/wiki for awesome tutorials on 8051,PIC,AVR,ARM,Robotics,RTO
             -S,IOT.
  13          ExploreEmbedded invests substantial time and effort developing open source HW and SW tools, to support con
             -sider buying the ExploreEmbedded boards.
  14           
  15          The ExploreEmbedded libraries and examples are licensed under the terms of the new-bsd license(two-clause 
             -bsd license).
  16          See also: http://www.opensource.org/licenses/bsd-license.php
  17          
  18          EXPLOREEMBEDDED DISCLAIMS ANY KIND OF HARDWARE FAILURE RESULTING OUT OF USAGE OF LIBRARIES, DIRECTLY OR
  19          INDIRECTLY. FILES MAY BE SUBJECT TO CHANGE WITHOUT PRIOR NOTICE. THE REVISION HISTORY CONTAINS THE INFORMA
             -TION 
  20          RELATED TO UPDATES.
  21           
  22          
  23          Permission to use, copy, modify, and distribute this software and its documentation for any purpose
  24          and without fee is hereby granted, provided that this copyright notices appear in all copies 
  25          and that both those copyright notices and this permission notice appear in supporting documentation.
  26          **************************************************************************************************/
  27          
  28          
  29          #include "reg51.h"
  30          
  31          int main() 
  32          {
  33   1        
  34   1        
  35   1          P1 = 0x00; /* Configure P1 as Input to read the Switch status */
  36   1           P3 = 0xff; //output
  37   1         
  38   1         while(1)
  39   1          {  
  40   2          /* Read the switches connected to P3 and accordingly turn ON/OFF  leds connected to P1*/
  41   2            P1 = P3;  
  42   2          }
  43   1      
  44   1          return (0);
  45   1      }
  46          
*** WARNING C294 IN LINE 44 OF main.c: unreachable code


MODULE INFORMATION:   STATIC OVERLAYABLE
C51 COMPILER V9.59.0.0   MAIN                                                              12/27/2018 16:11:09 PAGE 2   

   CODE SIZE        =     11    ----
   CONSTANT SIZE    =   ----    ----
   XDATA SIZE       =   ----    ----
   PDATA SIZE       =   ----    ----
   DATA SIZE        =   ----    ----
   IDATA SIZE       =   ----    ----
   BIT SIZE         =   ----    ----
END OF MODULE INFORMATION.


C51 COMPILATION COMPLETE.  1 WARNING(S),  0 ERROR(S)
