C51 COMPILER V9.59.0.0   MAIN                                                              11/28/2018 13:03:03 PAGE 1   


C51 COMPILER V9.59.0.0, COMPILATION OF MODULE MAIN
OBJECT MODULE PLACED IN .\Objects\main.obj
COMPILER INVOKED BY: C:\Keil_v5\C51\BIN\C51.EXE main.c OPTIMIZE(8,SPEED) BROWSE INCDIR(..\00-libfiles) DEBUG OBJECTEXTEN
                    -D PRINT(.\Listings\main.lst) TABS(2) OBJECT(.\Objects\main.obj)

line level    source

   1          /***************************************************************************************************
   2                                                        ExploreEmbedded Copyright Notice 
   3          ****************************************************************************************************
   4           * File:   main.c
   5           * Version: 16.0
   6           * Author: ExploreEmbedded
   7           * Website: http://www.exploreembedded.com/wiki
   8           * Description: This file contains the program to display 4-digit up counter on LCD in 4-bit mode. 
   9          
  10          This code has been developed and tested on ExploreEmbedded boards.  
  11          We strongly believe that the library works on any of development boards for respective controllers. 
  12          Check this link http://www.exploreembedded.com/wiki for awesome tutorials on 8051,PIC,AVR,ARM,Robotics,RTO
             -S,IOT.
  13          ExploreEmbedded invests substantial time and effort developing open source HW and SW tools, to support con
             -sider buying the ExploreEmbedded boards.
  14           
  15          The ExploreEmbedded libraries and examples are licensed under the terms of the new-bsd license(two-clause 
             -bsd license).
  16          See also: http://www.opensource.org/licenses/bsd-license.php
  17          
  18          EXPLOREEMBEDDED DISCLAIMS ANY KIND OF HARDWARE FAILURE RESULTING OUT OF USAGE OF LIBRARIES, DIRECTLY OR
  19          INDIRECTLY. FILES MAY BE SUBJECT TO CHANGE WITHOUT PRIOR NOTICE. THE REVISION HISTORY CONTAINS THE INFORMA
             -TION 
  20          RELATED TO UPDATES.
  21           
  22          
  23          Permission to use, copy, modify, and distribute this software and its documentation for any purpose
  24          and without fee is hereby granted, provided that this copyright notices appear in all copies 
  25          and that both those copyright notices and this permission notice appear in supporting documentation.
  26          **************************************************************************************************/
  27          #include "lcd.h"
  28          #include "delay.h" 
  29          
  30          
  31          /*
  32           * 
  33           */
  34          int main() 
  35          {
  36   1          int count = 0;
  37   1        
  38   1          /*Connect RS->P0.0, RW->P0.1, EN->P0.2 and data bus to P0.4 to P0.7*/
  39   1          LCD_SetUp(P3_2,P3_3,P3_4,P_NC,P_NC,P_NC,P_NC,P2_4,P2_5,P2_6,P2_7);
  40   1          LCD_Init(2,16);
  41   1          
  42   1          LCD_DisplayString("Decimal");
  43   1      
  44   1          while(1)
  45   1          {   LCD_Clear();
  46   2              LCD_GoToLine(1);
  47   2            Enable_LCD_Printf   = 1    
  48   2            LCD_Printf("Count=%4d",count);
*** ERROR C213 IN LINE 48 OF main.c: left side of asn-op not an lvalue
*** ERROR C141 IN LINE 48 OF main.c: syntax error near 'LCD_Printf', expected ';'
C51 COMPILER V9.59.0.0   MAIN                                                              11/28/2018 13:03:03 PAGE 2   

  49   2              DELAY_ms(500);
  50   2              count++;
  51   2          }
  52   1          
  53   1          return (0);
  54   1      }
  55          

C51 COMPILATION COMPLETE.  0 WARNING(S),  2 ERROR(S)
