C51 COMPILER V9.59.0.0   1                                                                 05/22/2019 12:14:47 PAGE 1   


C51 COMPILER V9.59.0.0, COMPILATION OF MODULE 1
OBJECT MODULE PLACED IN .\Objects\1.obj
COMPILER INVOKED BY: C:\Keil_v5\C51\BIN\C51.EXE 1.c OPTIMIZE(8,SPEED) BROWSE DEBUG OBJECTEXTEND PRINT(.\Listings\1.lst) 
                    -TABS(2) OBJECT(.\Objects\1.obj)

line level    source

   1          #include <reg51.h>
   2          
   3          #define LED P3    // LED's are connected to higher bits of P3
   4          
   5          
   6          void DELAY_ms(unsigned int ms_Count)
   7          {
   8   1          unsigned int i,j;
   9   1          for(i=0;i<ms_Count;i++)                
  10   1          {
  11   2              for(j=0;j<100;j++);
  12   2          }
  13   1      }
  14          
  15          int main() 
  16          {
  17   1      
  18   1         P3 = (0xf0<<LED);           // Configure PORT3.4 to PORT  3.7 as output
  19   1        
  20   1      
  21   1          
  22   1          while(1)
  23   1        {
  24   2          P3 = (0xf0<<LED);        // Turn ON Led's connected to P3   
  25   2          DELAY_ms(1000);      // Wait for some time
  26   2      
  27   2          P3 = (0x00<<LED);        // Turn OFF Led connected to P3
  28   2            DELAY_ms(1000);      // Wait for some time
  29   2        }
  30   1        return 0;
  31   1      }
*** WARNING C294 IN LINE 30 OF 1.c: unreachable code


MODULE INFORMATION:   STATIC OVERLAYABLE
   CODE SIZE        =     86    ----
   CONSTANT SIZE    =   ----    ----
   XDATA SIZE       =   ----    ----
   PDATA SIZE       =   ----    ----
   DATA SIZE        =   ----    ----
   IDATA SIZE       =   ----    ----
   BIT SIZE         =   ----    ----
END OF MODULE INFORMATION.


C51 COMPILATION COMPLETE.  1 WARNING(S),  0 ERROR(S)
