C51 COMPILER V9.59.0.0   3_LCD                                                             05/24/2019 07:51:18 PAGE 1   


C51 COMPILER V9.59.0.0, COMPILATION OF MODULE 3_LCD
OBJECT MODULE PLACED IN .\Objects\3 lcd.obj
COMPILER INVOKED BY: C:\Keil_v5\C51\BIN\C51.EXE 3 lcd.c OPTIMIZE(8,SPEED) BROWSE DEBUG OBJECTEXTEND PRINT(.\Listings\3 l
                    -cd.lst) TABS(2) OBJECT(.\Objects\3 lcd.obj)

line level    source

   1          #include<reg52.h> //including sfr registers for ports of the controller
   2          #include<lcd.h> // Can be download from bottom of this article
*** WARNING C318 IN LINE 2 OF 3 lcd.c: can't open file 'lcd.h'
   3          
   4          //LCD Module Connections
   5          sbit RS = P0^0;
   6          sbit EN = P0^1;
   7          sbit D0 = P2^0;
   8          sbit D1 = P2^1;
   9          sbit D2 = P2^2;
  10          sbit D3 = P2^3;
  11          sbit D4 = P2^4;
  12          sbit D5 = P2^5;
  13          sbit D6 = P2^6;
  14          sbit D7 = P2^7;
  15          //End LCD Module Connections
  16          void Delay(int a)
  17          {
  18   1        int j;
  19   1        int i;
  20   1        for(i=0;i<a;i++)
  21   1        {
  22   2          for(j=0;j<100;j++)
  23   2          {
  24   3          }
  25   2        }
  26   1      }
  27          void main()
  28          {
  29   1        int i;
  30   1        Lcd8_Init();
*** WARNING C206 IN LINE 30 OF 3 lcd.c: 'Lcd8_Init': missing function-prototype
  31   1        while(1)
  32   1        {
  33   2          Lcd8_Set_Cursor(1,1);
*** WARNING C206 IN LINE 33 OF 3 lcd.c: 'Lcd8_Set_Cursor': missing function-prototype
*** ERROR C267 IN LINE 33 OF 3 lcd.c: 'Lcd8_Set_Cursor': requires ANSI-style prototype
  34   2          Lcd8_Write_String("electroSome LCD Hello World");
  35   2          for(i=0;i<15;i++)
  36   2          {
  37   3            Delay(1000);
  38   3            Lcd8_Shift_Left();
  39   3          }
  40   2          for(i=0;i<15;i++)
  41   2          {
  42   3            Delay(1000);
  43   3            Lcd8_Shift_Right();
  44   3          }
  45   2          Lcd8_Clear();
  46   2          Lcd8_Write_Char('e');
  47   2          Lcd8_Write_Char('S');
  48   2          Delay(3000);
  49   2        }
  50   1      }
C51 COMPILER V9.59.0.0   3_LCD                                                             05/24/2019 07:51:18 PAGE 2   


C51 COMPILATION COMPLETE.  3 WARNING(S),  1 ERROR(S)
