C51 COMPILER V9.59.0.0   5_LCD_DISP8BIT                                                    05/25/2019 19:18:08 PAGE 1   


C51 COMPILER V9.59.0.0, COMPILATION OF MODULE 5_LCD_DISP8BIT
OBJECT MODULE PLACED IN .\Objects\5 lcd disp8bit.obj
COMPILER INVOKED BY: C:\Keil_v5\C51\BIN\C51.EXE 5 lcd disp8bit.c OPTIMIZE(8,SPEED) BROWSE DEBUG OBJECTEXTEND PRINT(.\Lis
                    -tings\5 lcd disp8bit.lst) TABS(2) OBJECT(.\Objects\5 lcd disp8bit.obj)

line level    source

   1          #include<reg51.h>
   2          #include<lcd.h>
*** WARNING C318 IN LINE 2 OF 5 lcd disp8bit.c: can't open file 'lcd.h'
   3          
   4          /* Configure the data bus and Control pins as per the hardware connection 
   5             Databus is connected to P2_0:P2_7 and control bus P0_0:P0_2*/
   6          #define LcdDataBus  P2
   7          sbit LCD_RS = P0^0;
   8          sbit LCD_RW = P0^1;
   9          sbit LCD_EN = P0^2;
  10          
  11          /* local function to generate delay */
  12          void delay_us(int cnt)
  13          {
  14   1          int i;
  15   1          for(i=0;i<cnt;i++);
  16   1      }
  17          
  18          /* Function to send the command to LCD */
  19          void LCD_CmdWrite( char cmd)
  20          {
  21   1          LcdDataBus=cmd;    // Send the command to LCD
  22   1          LCD_RS=0;          // Select the Command Register by pulling RS LOW
  23   1          LCD_RW=0;          // Select the Write Operation  by pulling RW LOW
  24   1          LCD_EN=1;          // Send a High-to-Low Pusle at Enable Pin
  25   1          delay_us(10);
  26   1          LCD_EN=0;
  27   1          delay_us(1000);
  28   1      }
  29          
  30          /* Function to send the Data to LCD */
  31          void LCD_DataWrite( char dat)
  32          {
  33   1          LcdDataBus=dat;   // Send the data to LCD
  34   1          LCD_RS=1;       // Select the Data Register by pulling RS HIGH
  35   1          LCD_RW=0;          // Select the Write Operation by pulling RW LOW
  36   1          LCD_EN=1;       // Send a High-to-Low Pusle at Enable Pin
  37   1          delay_us(10);
  38   1          LCD_EN=0;
  39   1          delay_us(1000);
  40   1      }
  41          
  42          int main()
  43          {
  44   1          char i,a[]={"Good morning!"};
  45   1          
  46   1          Lcd_CmdWrite(0x38);        // enable 5x7 mode for chars 
*** WARNING C206 IN LINE 46 OF 5 lcd disp8bit.c: 'Lcd_CmdWrite': missing function-prototype
*** ERROR C267 IN LINE 46 OF 5 lcd disp8bit.c: 'Lcd_CmdWrite': requires ANSI-style prototype
  47   1          Lcd_CmdWrite(0x0E);        // Display OFF, Cursor ON
  48   1          Lcd_CmdWrite(0x01);        // Clear Display
  49   1          Lcd_CmdWrite(0x80);        // Move the cursor to beginning of first line
  50   1      
  51   1          Lcd_DataWrite('H');
C51 COMPILER V9.59.0.0   5_LCD_DISP8BIT                                                    05/25/2019 19:18:08 PAGE 2   

  52   1          Lcd_DataWrite('e');
  53   1          Lcd_DataWrite('l');
  54   1          Lcd_DataWrite('l');
  55   1          Lcd_DataWrite('o');
  56   1          Lcd_DataWrite(' ');
  57   1          Lcd_DataWrite('w');
  58   1          Lcd_DataWrite('o');
  59   1          Lcd_DataWrite('r');
  60   1          Lcd_DataWrite('l');
  61   1          Lcd_DataWrite('d');
  62   1      
  63   1          Lcd_CmdWrite(0xc0);        //Go to Next line and display Good Morning
  64   1          for(i=0;a[i]!=0;i++)
  65   1          {
  66   2              Lcd_DataWrite(a[i]);
  67   2          }
  68   1      
  69   1          while(1);
  70   1      }

C51 COMPILATION COMPLETE.  2 WARNING(S),  1 ERROR(S)
