C51 COMPILER V9.59.0.0   MAIN                                                              11/27/2018 17:31:37 PAGE 1   


C51 COMPILER V9.59.0.0, COMPILATION OF MODULE MAIN
OBJECT MODULE PLACED IN .\Objects\main.obj
COMPILER INVOKED BY: C:\Keil_v5\C51\BIN\C51.EXE main.c OPTIMIZE(8,SPEED) BROWSE DEBUG OBJECTEXTEND PRINT(.\Listings\main
                    -.lst) TABS(2) OBJECT(.\Objects\main.obj)

line level    source

   1          /***************************************************************************************************
   2                                                        ExploreEmbedded Copyright Notice 
   3          ****************************************************************************************************
   4           * File:   main.c
   5           * Version: 16.0
   6           * Author: ExploreEmbedded
   7           * Website: http://www.exploreembedded.com/wiki
   8           * Description: This file contains the program to demonstrate a four digit decimal up counter. 
   9          
  10          This code has been developed and tested on ExploreEmbedded boards.  
  11          We strongly believe that the library works on any of development boards for respective controllers. 
  12          Check this link http://www.exploreembedded.com/wiki for awesome tutorials on 8051,PIC,AVR,ARM,Robotics,RTO
             -S,IOT.
  13          ExploreEmbedded invests substantial time and effort developing open source HW and SW tools, to support con
             -sider buying the ExploreEmbedded boards.
  14           
  15          The ExploreEmbedded libraries and examples are licensed under the terms of the new-bsd license(two-clause 
             -bsd license).
  16          See also: http://www.opensource.org/licenses/bsd-license.php
  17          
  18          EXPLOREEMBEDDED DISCLAIMS ANY KIND OF HARDWARE FAILURE RESULTING OUT OF USAGE OF LIBRARIES, DIRECTLY OR
  19          INDIRECTLY. FILES MAY BE SUBJECT TO CHANGE WITHOUT PRIOR NOTICE. THE REVISION HISTORY CONTAINS THE INFORMA
             -TION 
  20          RELATED TO UPDATES.
  21           
  22          
  23          Permission to use, copy, modify, and distribute this software and its documentation for any purpose
  24          and without fee is hereby granted, provided that this copyright notices appear in all copies 
  25          and that both those copyright notices and this permission notice appear in supporting documentation.
  26           **************************************************************************************************/
  27          #include "reg51.h"
  28          
  29          #define SegOne   0xfe
  30          #define SegTwo   0xfd
  31          #define SegThree 0xfb
  32          #define SegFour  0xf7 
  33          
  34          void DELAY_ms(unsigned int ms_Count) 
  35          {
  36   1          unsigned int i, j;
  37   1          for (i = 0; i < ms_Count; i++) 
  38   1          {
  39   2              for (j = 0; j < 100; j++);
  40   2          }
  41   1      }
  42          
  43          int main() {
  44   1          char seg_code[] = {0x3f, 0x06, 0x5b, 0x4f, 0x66, 0x6d, 0x7d, 0x07, 0x7f, 0x6f, 0x77, 0x7c, 0x39, 0x5e,
             - 0x79, 0x71};
  45   1          int cnt, num, temp,i;
  46   1      
  47   1      
  48   1          while (1) 
  49   1          {
C51 COMPILER V9.59.0.0   MAIN                                                              11/27/2018 17:31:37 PAGE 2   

  50   2              for (cnt = 0x00; cnt <= 9999; cnt++) // loop to display 0-F
  51   2              {
  52   3                  for (i = 0; i < 100; i++)
  53   3                  {
  54   4                      num = cnt;
  55   4                      temp = num / 1000;
  56   4                      num = num % 1000;
  57   4                      P0 = SegOne; 
  58   4                      P2 = seg_code[temp];               
  59   4                      DELAY_ms(1);
  60   4      
  61   4                      temp = num / 100;
  62   4                      num = num % 100;
  63   4                      P0 = SegTwo; 
  64   4                      P2 = seg_code[temp];
  65   4                      DELAY_ms(1);
  66   4      
  67   4                      temp = num / 10;
  68   4                      P0 = SegThree;
  69   4                      P2 = seg_code[temp];
  70   4                      DELAY_ms(1);
  71   4      
  72   4                      temp = num % 10;
  73   4                      P0 = SegFour;
  74   4                      P2 = seg_code[temp];
  75   4                      DELAY_ms(1);                              
  76   4                  }
  77   3              }
  78   2          }
  79   1      }


MODULE INFORMATION:   STATIC OVERLAYABLE
   CODE SIZE        =    232    ----
   CONSTANT SIZE    =     16    ----
   XDATA SIZE       =   ----    ----
   PDATA SIZE       =   ----    ----
   DATA SIZE        =   ----      22
   IDATA SIZE       =   ----    ----
   BIT SIZE         =   ----    ----
END OF MODULE INFORMATION.


C51 COMPILATION COMPLETE.  0 WARNING(S),  0 ERROR(S)
