C51 COMPILER V9.59.0.0   MAIN                                                              02/06/2019 12:12:58 PAGE 1   


C51 COMPILER V9.59.0.0, COMPILATION OF MODULE MAIN
OBJECT MODULE PLACED IN .\Objects\main.obj
COMPILER INVOKED BY: D:\software\keil\C51\BIN\C51.EXE main.c OPTIMIZE(8,SPEED) BROWSE DEBUG OBJECTEXTEND PRINT(.\Listing
                    -s\main.lst) TABS(2) OBJECT(.\Objects\main.obj)

line level    source

   1          /***************************************************************************************************
   2                                                        ExploreEmbedded Copyright Notice 
   3          ****************************************************************************************************
   4           * File:   main.c
   5           * Version: 16.0
   6           * Author: ExploreEmbedded
   7           * Website: http://www.exploreembedded.com/wiki
   8           * Description: This file contains the program to demonstrate a single digit hex up counter. 
   9          
  10          This code has been developed and tested on ExploreEmbedded boards.  
  11          We strongly believe that the library works on any of development boards for respective controllers. 
  12          Check this link http://www.exploreembedded.com/wiki for awesome tutorials on 8051,PIC,AVR,ARM,Robotics,RTO
             -S,IOT.
  13          ExploreEmbedded invests substantial time and effort developing open source HW and SW tools, to support con
             -sider buying the ExploreEmbedded boards.
  14           
  15          The ExploreEmbedded libraries and examples are licensed under the terms of the new-bsd license(two-clause 
             -bsd license).
  16          See also: http://www.opensource.org/licenses/bsd-license.php
  17          
  18          EXPLOREEMBEDDED DISCLAIMS ANY KIND OF HARDWARE FAILURE RESULTING OUT OF USAGE OF LIBRARIES, DIRECTLY OR
  19          INDIRECTLY. FILES MAY BE SUBJECT TO CHANGE WITHOUT PRIOR NOTICE. THE REVISION HISTORY CONTAINS THE INFORMA
             -TION 
  20          RELATED TO UPDATES.
  21           
  22          
  23          Permission to use, copy, modify, and distribute this software and its documentation for any purpose
  24          and without fee is hereby granted, provided that this copyright notices appear in all copies 
  25          and that both those copyright notices and this permission notice appear in supporting documentation.
  26          **************************************************************************************************/
  27          
  28          
  29          #include "reg51.h"
  30          
  31          void DELAY_ms(unsigned int ms_Count)
  32          {
  33   1          unsigned int i,j;
  34   1          for(i=0;i<ms_Count;i++)
  35   1          {
  36   2              for(j=0;j<100;j++);
  37   2          }
  38   1      }
  39          
  40          
  41          int main()
  42          {
  43   1         char seg_code[]={0xc0,0xf9,0xa4,0xb0,0x99,0x92,0x82,0xf8,0x80,0x98,0xc0,0x88,0x80,0xc6,0xc0,0x90};
  44   1         char cnt=0;
  45   1        
  46   1         while(1)
  47   1          {    
  48   2            for(cnt=0x00;cnt<=0x0f;cnt++)  // loop to display 0-F
  49   2           {
  50   3            P1 = seg_code[cnt];  // Send the segment_code of number to be displayed
C51 COMPILER V9.59.0.0   MAIN                                                              02/06/2019 12:12:58 PAGE 2   

  51   3            DELAY_ms(1000);
  52   3           }
  53   2        }                         
  54   1      } 


MODULE INFORMATION:   STATIC OVERLAYABLE
   CODE SIZE        =     87    ----
   CONSTANT SIZE    =     16    ----
   XDATA SIZE       =   ----    ----
   PDATA SIZE       =   ----    ----
   DATA SIZE        =   ----      16
   IDATA SIZE       =   ----    ----
   BIT SIZE         =   ----    ----
END OF MODULE INFORMATION.


C51 COMPILATION COMPLETE.  0 WARNING(S),  0 ERROR(S)
